<?xml version="1.0" encoding="UTF-8"?>
<coverage generated="1605463014341" clover="3.2.0">
  <project timestamp="1605463014342" name="All files">
    <metrics statements="47" coveredstatements="47" conditionals="12" coveredconditionals="12" methods="6" coveredmethods="6" elements="65" coveredelements="65" complexity="0" loc="47" ncloc="47" packages="1" files="5" classes="5"/>
    <file name="calculateOutput.js" path="C:\Users\Yassine\Documents\Code\Babylon\hello-cli\src\unitConverter\calculateOutput.js">
      <metrics statements="9" coveredstatements="9" conditionals="0" coveredconditionals="0" methods="1" coveredmethods="1"/>
      <line num="1" count="1" type="stmt"/>
      <line num="3" count="1" type="stmt"/>
      <line num="4" count="1" type="stmt"/>
      <line num="5" count="1" type="stmt"/>
      <line num="6" count="1" type="stmt"/>
      <line num="8" count="1" type="stmt"/>
      <line num="10" count="1" type="stmt"/>
      <line num="15" count="1" type="stmt"/>
      <line num="18" count="1" type="stmt"/>
    </file>
    <file name="conversionTable.js" path="C:\Users\Yassine\Documents\Code\Babylon\hello-cli\src\unitConverter\conversionTable.js">
      <metrics statements="2" coveredstatements="2" conditionals="0" coveredconditionals="0" methods="0" coveredmethods="0"/>
      <line num="1" count="3" type="stmt"/>
      <line num="19" count="3" type="stmt"/>
    </file>
    <file name="displayOutput.js" path="C:\Users\Yassine\Documents\Code\Babylon\hello-cli\src\unitConverter\displayOutput.js">
      <metrics statements="12" coveredstatements="12" conditionals="0" coveredconditionals="0" methods="3" coveredmethods="3"/>
      <line num="1" count="1" type="stmt"/>
      <line num="2" count="1" type="stmt"/>
      <line num="5" count="1" type="stmt"/>
      <line num="6" count="3" type="stmt"/>
      <line num="9" count="1" type="stmt"/>
      <line num="10" count="2" type="stmt"/>
      <line num="13" count="1" type="stmt"/>
      <line num="21" count="1" type="stmt"/>
      <line num="22" count="2" type="stmt"/>
      <line num="23" count="2" type="stmt"/>
      <line num="24" count="2" type="stmt"/>
      <line num="27" count="1" type="stmt"/>
    </file>
    <file name="getConversionFactor.js" path="C:\Users\Yassine\Documents\Code\Babylon\hello-cli\src\unitConverter\getConversionFactor.js">
      <metrics statements="7" coveredstatements="7" conditionals="2" coveredconditionals="2" methods="1" coveredmethods="1"/>
      <line num="1" count="2" type="stmt"/>
      <line num="3" count="2" type="stmt"/>
      <line num="4" count="10" type="stmt"/>
      <line num="5" count="20" type="cond" truecount="2" falsecount="0"/>
      <line num="6" count="10" type="stmt"/>
      <line num="7" count="10" type="stmt"/>
      <line num="12" count="2" type="stmt"/>
    </file>
    <file name="validateInput.js" path="C:\Users\Yassine\Documents\Code\Babylon\hello-cli\src\unitConverter\validateInput.js">
      <metrics statements="17" coveredstatements="17" conditionals="10" coveredconditionals="10" methods="1" coveredmethods="1"/>
      <line num="1" count="1" type="stmt"/>
      <line num="3" count="1" type="stmt"/>
      <line num="4" count="7" type="stmt"/>
      <line num="5" count="7" type="stmt"/>
      <line num="6" count="7" type="stmt"/>
      <line num="7" count="7" type="stmt"/>
      <line num="8" count="7" type="stmt"/>
      <line num="11" count="7" type="cond" truecount="4" falsecount="0"/>
      <line num="12" count="3" type="stmt"/>
      <line num="13" count="4" type="cond" truecount="2" falsecount="0"/>
      <line num="14" count="1" type="stmt"/>
      <line num="15" count="3" type="cond" truecount="2" falsecount="0"/>
      <line num="16" count="1" type="stmt"/>
      <line num="17" count="2" type="cond" truecount="2" falsecount="0"/>
      <line num="18" count="1" type="stmt"/>
      <line num="20" count="1" type="stmt"/>
      <line num="24" count="1" type="stmt"/>
    </file>
  </project>
</coverage>
