{"C:\\Users\\Yassine\\Documents\\Code\\Babylon\\hello-cli\\src\\unitConverter\\calculateOutput.js": {"path":"C:\\Users\\Yassine\\Documents\\Code\\Babylon\\hello-cli\\src\\unitConverter\\calculateOutput.js","statementMap":{"0":{"start":{"line":1,"column":28},"end":{"line":1,"column":60}},"1":{"start":{"line":3,"column":24},"end":{"line":16,"column":1}},"2":{"start":{"line":4,"column":19},"end":{"line":4,"column":36}},"3":{"start":{"line":5,"column":18},"end":{"line":5,"column":35}},"4":{"start":{"line":6,"column":18},"end":{"line":6,"column":35}},"5":{"start":{"line":8,"column":29},"end":{"line":8,"column":62}},"6":{"start":{"line":10,"column":19},"end":{"line":13,"column":5}},"7":{"start":{"line":15,"column":4},"end":{"line":15,"column":17}},"8":{"start":{"line":18,"column":0},"end":{"line":18,"column":32}}},"fnMap":{"0":{"name":"(anonymous_0)","decl":{"start":{"line":3,"column":24},"end":{"line":3,"column":25}},"loc":{"start":{"line":3,"column":44},"end":{"line":16,"column":1}},"line":3}},"branchMap":{},"s":{"0":1,"1":1,"2":1,"3":1,"4":1,"5":1,"6":1,"7":1,"8":1},"f":{"0":1},"b":{},"_coverageSchema":"1a1c01bbd47fc00a2c39e90264f33305004495a9","hash":"eb073bf618d880991288a00b37fb77c6a9e8512f"}
,"C:\\Users\\Yassine\\Documents\\Code\\Babylon\\hello-cli\\src\\unitConverter\\conversionTable.js": {"path":"C:\\Users\\Yassine\\Documents\\Code\\Babylon\\hello-cli\\src\\unitConverter\\conversionTable.js","statementMap":{"0":{"start":{"line":1,"column":24},"end":{"line":17,"column":1}},"1":{"start":{"line":19,"column":0},"end":{"line":19,"column":33}}},"fnMap":{},"branchMap":{},"s":{"0":3,"1":3},"f":{},"b":{},"_coverageSchema":"1a1c01bbd47fc00a2c39e90264f33305004495a9","hash":"2e8bb22ed8c26ea99b041a538cc8557b7f9cf78c"}
,"C:\\Users\\Yassine\\Documents\\Code\\Babylon\\hello-cli\\src\\unitConverter\\displayOutput.js": {"path":"C:\\Users\\Yassine\\Documents\\Code\\Babylon\\hello-cli\\src\\unitConverter\\displayOutput.js","statementMap":{"0":{"start":{"line":1,"column":14},"end":{"line":1,"column":30}},"1":{"start":{"line":2,"column":14},"end":{"line":2,"column":30}},"2":{"start":{"line":5,"column":20},"end":{"line":7,"column":1}},"3":{"start":{"line":6,"column":4},"end":{"line":6,"column":46}},"4":{"start":{"line":9,"column":20},"end":{"line":11,"column":1}},"5":{"start":{"line":10,"column":4},"end":{"line":10,"column":38}},"6":{"start":{"line":13,"column":21},"end":{"line":19,"column":1}},"7":{"start":{"line":21,"column":22},"end":{"line":25,"column":1}},"8":{"start":{"line":22,"column":19},"end":{"line":22,"column":41}},"9":{"start":{"line":23,"column":20},"end":{"line":23,"column":51}},"10":{"start":{"line":24,"column":4},"end":{"line":24,"column":24}},"11":{"start":{"line":27,"column":0},"end":{"line":32,"column":2}}},"fnMap":{"0":{"name":"(anonymous_0)","decl":{"start":{"line":5,"column":20},"end":{"line":5,"column":21}},"loc":{"start":{"line":5,"column":37},"end":{"line":7,"column":1}},"line":5},"1":{"name":"(anonymous_1)","decl":{"start":{"line":9,"column":20},"end":{"line":9,"column":21}},"loc":{"start":{"line":9,"column":46},"end":{"line":11,"column":1}},"line":9},"2":{"name":"(anonymous_2)","decl":{"start":{"line":21,"column":22},"end":{"line":21,"column":23}},"loc":{"start":{"line":21,"column":61},"end":{"line":25,"column":1}},"line":21}},"branchMap":{},"s":{"0":1,"1":1,"2":1,"3":3,"4":1,"5":2,"6":1,"7":1,"8":2,"9":2,"10":2,"11":1},"f":{"0":3,"1":2,"2":2},"b":{},"_coverageSchema":"1a1c01bbd47fc00a2c39e90264f33305004495a9","hash":"3610c30b06ba348d1c79cd6850e51dbaf0a939d3"}
,"C:\\Users\\Yassine\\Documents\\Code\\Babylon\\hello-cli\\src\\unitConverter\\getConversionFactor.js": {"path":"C:\\Users\\Yassine\\Documents\\Code\\Babylon\\hello-cli\\src\\unitConverter\\getConversionFactor.js","statementMap":{"0":{"start":{"line":1,"column":24},"end":{"line":1,"column":52}},"1":{"start":{"line":3,"column":28},"end":{"line":10,"column":1}},"2":{"start":{"line":4,"column":4},"end":{"line":9,"column":5}},"3":{"start":{"line":5,"column":8},"end":{"line":8,"column":9}},"4":{"start":{"line":6,"column":27},"end":{"line":6,"column":56}},"5":{"start":{"line":7,"column":12},"end":{"line":7,"column":25}},"6":{"start":{"line":12,"column":0},"end":{"line":12,"column":37}}},"fnMap":{"0":{"name":"(anonymous_0)","decl":{"start":{"line":3,"column":28},"end":{"line":3,"column":29}},"loc":{"start":{"line":3,"column":46},"end":{"line":10,"column":1}},"line":3}},"branchMap":{"0":{"loc":{"start":{"line":5,"column":8},"end":{"line":8,"column":9}},"type":"if","locations":[{"start":{"line":5,"column":8},"end":{"line":8,"column":9}},{"start":{"line":5,"column":8},"end":{"line":8,"column":9}}],"line":5}},"s":{"0":2,"1":2,"2":10,"3":20,"4":10,"5":10,"6":2},"f":{"0":10},"b":{"0":[10,10]},"_coverageSchema":"1a1c01bbd47fc00a2c39e90264f33305004495a9","hash":"2a4822b22a521e31ee5f23c0331eb5d6fefc9a59"}
,"C:\\Users\\Yassine\\Documents\\Code\\Babylon\\hello-cli\\src\\unitConverter\\validateInput.js": {"path":"C:\\Users\\Yassine\\Documents\\Code\\Babylon\\hello-cli\\src\\unitConverter\\validateInput.js","statementMap":{"0":{"start":{"line":1,"column":25},"end":{"line":1,"column":53}},"1":{"start":{"line":3,"column":22},"end":{"line":27,"column":1}},"2":{"start":{"line":5,"column":4},"end":{"line":7,"column":5}},"3":{"start":{"line":6,"column":8},"end":{"line":6,"column":144}},"4":{"start":{"line":9,"column":27},"end":{"line":9,"column":53}},"5":{"start":{"line":10,"column":19},"end":{"line":10,"column":36}},"6":{"start":{"line":11,"column":18},"end":{"line":11,"column":35}},"7":{"start":{"line":12,"column":22},"end":{"line":12,"column":40}},"8":{"start":{"line":13,"column":18},"end":{"line":13,"column":35}},"9":{"start":{"line":16,"column":4},"end":{"line":26,"column":5}},"10":{"start":{"line":17,"column":8},"end":{"line":17,"column":290}},"11":{"start":{"line":18,"column":11},"end":{"line":26,"column":5}},"12":{"start":{"line":19,"column":8},"end":{"line":19,"column":242}},"13":{"start":{"line":20,"column":11},"end":{"line":26,"column":5}},"14":{"start":{"line":21,"column":8},"end":{"line":21,"column":242}},"15":{"start":{"line":22,"column":11},"end":{"line":26,"column":5}},"16":{"start":{"line":23,"column":8},"end":{"line":23,"column":115}},"17":{"start":{"line":25,"column":8},"end":{"line":25,"column":29}},"18":{"start":{"line":29,"column":0},"end":{"line":29,"column":31}}},"fnMap":{"0":{"name":"(anonymous_0)","decl":{"start":{"line":3,"column":22},"end":{"line":3,"column":23}},"loc":{"start":{"line":3,"column":43},"end":{"line":27,"column":1}},"line":3}},"branchMap":{"0":{"loc":{"start":{"line":5,"column":4},"end":{"line":7,"column":5}},"type":"if","locations":[{"start":{"line":5,"column":4},"end":{"line":7,"column":5}},{"start":{"line":5,"column":4},"end":{"line":7,"column":5}}],"line":5},"1":{"loc":{"start":{"line":16,"column":4},"end":{"line":26,"column":5}},"type":"if","locations":[{"start":{"line":16,"column":4},"end":{"line":26,"column":5}},{"start":{"line":16,"column":4},"end":{"line":26,"column":5}}],"line":16},"2":{"loc":{"start":{"line":16,"column":8},"end":{"line":16,"column":55}},"type":"binary-expr","locations":[{"start":{"line":16,"column":8},"end":{"line":16,"column":31}},{"start":{"line":16,"column":35},"end":{"line":16,"column":55}}],"line":16},"3":{"loc":{"start":{"line":18,"column":11},"end":{"line":26,"column":5}},"type":"if","locations":[{"start":{"line":18,"column":11},"end":{"line":26,"column":5}},{"start":{"line":18,"column":11},"end":{"line":26,"column":5}}],"line":18},"4":{"loc":{"start":{"line":20,"column":11},"end":{"line":26,"column":5}},"type":"if","locations":[{"start":{"line":20,"column":11},"end":{"line":26,"column":5}},{"start":{"line":20,"column":11},"end":{"line":26,"column":5}}],"line":20},"5":{"loc":{"start":{"line":22,"column":11},"end":{"line":26,"column":5}},"type":"if","locations":[{"start":{"line":22,"column":11},"end":{"line":26,"column":5}},{"start":{"line":22,"column":11},"end":{"line":26,"column":5}}],"line":22}},"s":{"0":1,"1":1,"2":8,"3":1,"4":7,"5":7,"6":7,"7":7,"8":7,"9":7,"10":3,"11":4,"12":1,"13":3,"14":1,"15":2,"16":1,"17":1,"18":1},"f":{"0":8},"b":{"0":[1,7],"1":[3,4],"2":[7,4],"3":[1,3],"4":[1,2],"5":[1,1]},"_coverageSchema":"1a1c01bbd47fc00a2c39e90264f33305004495a9","hash":"aa2559ce1d271f3c4e5032348f70e606bdc156d5"}
}
