TN:
SF:src\unitConverter\calculateOutput.js
FN:3,(anonymous_0)
FNF:1
FNH:1
FNDA:1,(anonymous_0)
DA:1,1
DA:3,1
DA:4,1
DA:5,1
DA:6,1
DA:8,1
DA:10,1
DA:15,1
DA:18,1
LF:9
LH:9
BRF:0
BRH:0
end_of_record
TN:
SF:src\unitConverter\conversionTable.js
FNF:0
FNH:0
DA:1,3
DA:19,3
LF:2
LH:2
BRF:0
BRH:0
end_of_record
TN:
SF:src\unitConverter\displayOutput.js
FN:5,(anonymous_0)
FN:9,(anonymous_1)
FN:21,(anonymous_2)
FNF:3
FNH:3
FNDA:3,(anonymous_0)
FNDA:2,(anonymous_1)
FNDA:2,(anonymous_2)
DA:1,1
DA:2,1
DA:5,1
DA:6,3
DA:9,1
DA:10,2
DA:13,1
DA:21,1
DA:22,2
DA:23,2
DA:24,2
DA:27,1
LF:12
LH:12
BRF:0
BRH:0
end_of_record
TN:
SF:src\unitConverter\getConversionFactor.js
FN:3,(anonymous_0)
FNF:1
FNH:1
FNDA:10,(anonymous_0)
DA:1,2
DA:3,2
DA:4,10
DA:5,20
DA:6,10
DA:7,10
DA:12,2
LF:7
LH:7
BRDA:5,0,0,10
BRDA:5,0,1,10
BRF:2
BRH:2
end_of_record
TN:
SF:src\unitConverter\validateInput.js
FN:3,(anonymous_0)
FNF:1
FNH:1
FNDA:7,(anonymous_0)
DA:1,1
DA:3,1
DA:4,7
DA:5,7
DA:6,7
DA:7,7
DA:8,7
DA:11,7
DA:12,3
DA:13,4
DA:14,1
DA:15,3
DA:16,1
DA:17,2
DA:18,1
DA:20,1
DA:24,1
LF:17
LH:17
BRDA:11,0,0,3
BRDA:11,0,1,4
BRDA:11,1,0,7
BRDA:11,1,1,4
BRDA:13,2,0,1
BRDA:13,2,1,3
BRDA:15,3,0,1
BRDA:15,3,1,2
BRDA:17,4,0,1
BRDA:17,4,1,1
BRF:10
BRH:10
end_of_record
